<?xml version="1.0" encoding="UTF-8"?>
<!-- Generated by org.testng.reporters.JUnitReportReporter -->
<testsuite skipped="0" hostname="Arunas-MacBook-Pro.local" name="Testfiles.Sample" tests="1" failures="0" timestamp="2021-10-25T14:37:49 CDT" time="7.425" errors="0">
  <testcase name="test" time="7.425" classname="Testfiles.Sample"/>
  <system-out/>
</testsuite> <!-- Testfiles.Sample -->
