<?xml version="1.0" encoding="UTF-8"?>
<!-- Generated by org.testng.reporters.JUnitReportReporter -->
<testsuite skipped="0" hostname="Arunas-MacBook-Pro.local" name="Testfiles.Sample2" tests="1" failures="0" timestamp="2021-10-27T12:28:03 CDT" time="7.175" errors="0">
  <testcase name="test" time="7.175" classname="Testfiles.Sample2"/>
  <system-out/>
</testsuite> <!-- Testfiles.Sample2 -->
